<?xml version="1.0" encoding="UTF-8"?>
<!-- Generated by org.testng.reporters.JUnitReportReporter -->
<testsuite skipped="0" hostname="INHYDSAICHARAN" name="com.sample.tests.LoginTest" tests="1" failures="0" timestamp="27 Nov 2019 10:33:53 GMT" time="12.493" errors="0">
  <testcase name="cal_add" time="12.493" classname="com.sample.tests.LoginTest"/>
</testsuite> <!-- com.sample.tests.LoginTest -->
